Compiling the C compiler identification source file "CMakeCCompilerId.c" failed.
Compiler: /usr/local/bin/gcc 
Build flags: 
Id flags:  

The output was:
1
gcc: fatal error: cannot execute ‘cc1’: execvp: No such file or directory
compilation terminated.


Compiling the C compiler identification source file "CMakeCCompilerId.c" failed.
Compiler: /usr/local/bin/gcc 
Build flags: 
Id flags: -c 

The output was:
1
gcc: fatal error: cannot execute ‘cc1’: execvp: No such file or directory
compilation terminated.


Compiling the C compiler identification source file "CMakeCCompilerId.c" failed.
Compiler: /usr/local/bin/gcc 
Build flags: 
Id flags: -Aa 

The output was:
1
gcc: fatal error: cannot execute ‘cc1’: execvp: No such file or directory
compilation terminated.


Compiling the C compiler identification source file "CMakeCCompilerId.c" failed.
Compiler: /usr/local/bin/gcc 
Build flags: 
Id flags: -D__CLASSIC_C__ 

The output was:
1
gcc: fatal error: cannot execute ‘cc1’: execvp: No such file or directory
compilation terminated.


Compiling the C compiler identification source file "CMakeCCompilerId.c" failed.
Compiler: /usr/local/bin/gcc 
Build flags: 
Id flags: --target=arm-arm-none-eabi;-mcpu=cortex-m3 

The output was:
1
gcc: warning: ‘-mcpu=’ is deprecated; use ‘-mtune=’ or ‘-march=’ instead
gcc: error: unrecognized command line option ‘--target=arm-arm-none-eabi’


Compiling the C compiler identification source file "CMakeCCompilerId.c" failed.
Compiler: /usr/local/bin/gcc 
Build flags: 
Id flags: -c;-I__does_not_exist__ 

The output was:
1
gcc: fatal error: cannot execute ‘cc1’: execvp: No such file or directory
compilation terminated.


Compiling the C compiler identification source file "CMakeCCompilerId.c" failed.
Compiler: /usr/local/bin/gcc 
Build flags: 
Id flags:  

The output was:
1
gcc: fatal error: cannot execute ‘cc1’: execvp: No such file or directory
compilation terminated.


Compiling the C compiler identification source file "CMakeCCompilerId.c" failed.
Compiler: /usr/local/bin/gcc 
Build flags: 
Id flags: -c 

The output was:
1
gcc: fatal error: cannot execute ‘cc1’: execvp: No such file or directory
compilation terminated.


Compiling the C compiler identification source file "CMakeCCompilerId.c" failed.
Compiler: /usr/local/bin/gcc 
Build flags: 
Id flags: -Aa 

The output was:
1
gcc: fatal error: cannot execute ‘cc1’: execvp: No such file or directory
compilation terminated.


Compiling the C compiler identification source file "CMakeCCompilerId.c" failed.
Compiler: /usr/local/bin/gcc 
Build flags: 
Id flags: -D__CLASSIC_C__ 

The output was:
1
gcc: fatal error: cannot execute ‘cc1’: execvp: No such file or directory
compilation terminated.


Compiling the C compiler identification source file "CMakeCCompilerId.c" failed.
Compiler: /usr/local/bin/gcc 
Build flags: 
Id flags: --target=arm-arm-none-eabi;-mcpu=cortex-m3 

The output was:
1
gcc: warning: ‘-mcpu=’ is deprecated; use ‘-mtune=’ or ‘-march=’ instead
gcc: error: unrecognized command line option ‘--target=arm-arm-none-eabi’


Compiling the C compiler identification source file "CMakeCCompilerId.c" failed.
Compiler: /usr/local/bin/gcc 
Build flags: 
Id flags: -c;-I__does_not_exist__ 

The output was:
1
gcc: fatal error: cannot execute ‘cc1’: execvp: No such file or directory
compilation terminated.


Checking whether the C compiler is IAR using "" did not match "IAR .+ Compiler":
gcc: fatal error: no input files
compilation terminated.
Checking whether the C compiler is IAR using "" did not match "IAR .+ Compiler":
gcc: fatal error: no input files
compilation terminated.
Compiling the CXX compiler identification source file "CMakeCXXCompilerId.cpp" failed.
Compiler: /usr/local/bin/g++ 
Build flags: 
Id flags:  

The output was:
1
g++: fatal error: cannot execute ‘cc1plus’: execvp: No such file or directory
compilation terminated.


Compiling the CXX compiler identification source file "CMakeCXXCompilerId.cpp" failed.
Compiler: /usr/local/bin/g++ 
Build flags: 
Id flags: -c 

The output was:
1
g++: fatal error: cannot execute ‘cc1plus’: execvp: No such file or directory
compilation terminated.


Compiling the CXX compiler identification source file "CMakeCXXCompilerId.cpp" failed.
Compiler: /usr/local/bin/g++ 
Build flags: 
Id flags: --c++ 

The output was:
1
g++: error: unrecognized command line option ‘--c++’


Compiling the CXX compiler identification source file "CMakeCXXCompilerId.cpp" failed.
Compiler: /usr/local/bin/g++ 
Build flags: 
Id flags: --ec++ 

The output was:
1
g++: error: unrecognized command line option ‘--ec++’; did you mean ‘-Weffc++’?


Compiling the CXX compiler identification source file "CMakeCXXCompilerId.cpp" failed.
Compiler: /usr/local/bin/g++ 
Build flags: 
Id flags: --target=arm-arm-none-eabi;-mcpu=cortex-m3 

The output was:
1
g++: warning: ‘-mcpu=’ is deprecated; use ‘-mtune=’ or ‘-march=’ instead
g++: error: unrecognized command line option ‘--target=arm-arm-none-eabi’


Compiling the CXX compiler identification source file "CMakeCXXCompilerId.cpp" failed.
Compiler: /usr/local/bin/g++ 
Build flags: 
Id flags: -c;-I__does_not_exist__ 

The output was:
1
g++: fatal error: cannot execute ‘cc1plus’: execvp: No such file or directory
compilation terminated.


Compiling the CXX compiler identification source file "CMakeCXXCompilerId.cpp" failed.
Compiler: /usr/local/bin/g++ 
Build flags: 
Id flags:  

The output was:
1
g++: fatal error: cannot execute ‘cc1plus’: execvp: No such file or directory
compilation terminated.


Compiling the CXX compiler identification source file "CMakeCXXCompilerId.cpp" failed.
Compiler: /usr/local/bin/g++ 
Build flags: 
Id flags: -c 

The output was:
1
g++: fatal error: cannot execute ‘cc1plus’: execvp: No such file or directory
compilation terminated.


Compiling the CXX compiler identification source file "CMakeCXXCompilerId.cpp" failed.
Compiler: /usr/local/bin/g++ 
Build flags: 
Id flags: --c++ 

The output was:
1
g++: error: unrecognized command line option ‘--c++’


Compiling the CXX compiler identification source file "CMakeCXXCompilerId.cpp" failed.
Compiler: /usr/local/bin/g++ 
Build flags: 
Id flags: --ec++ 

The output was:
1
g++: error: unrecognized command line option ‘--ec++’; did you mean ‘-Weffc++’?


Compiling the CXX compiler identification source file "CMakeCXXCompilerId.cpp" failed.
Compiler: /usr/local/bin/g++ 
Build flags: 
Id flags: --target=arm-arm-none-eabi;-mcpu=cortex-m3 

The output was:
1
g++: warning: ‘-mcpu=’ is deprecated; use ‘-mtune=’ or ‘-march=’ instead
g++: error: unrecognized command line option ‘--target=arm-arm-none-eabi’


Compiling the CXX compiler identification source file "CMakeCXXCompilerId.cpp" failed.
Compiler: /usr/local/bin/g++ 
Build flags: 
Id flags: -c;-I__does_not_exist__ 

The output was:
1
g++: fatal error: cannot execute ‘cc1plus’: execvp: No such file or directory
compilation terminated.


Checking whether the CXX compiler is IAR using "" did not match "IAR .+ Compiler":
g++: fatal error: no input files
compilation terminated.
Checking whether the CXX compiler is IAR using "" did not match "IAR .+ Compiler":
g++: fatal error: no input files
compilation terminated.
Detecting C compiler ABI info failed to compile with the following output:
Change Dir: /home/yyk/KVstorageBaseRaft-cpp/build/CMakeFiles/CMakeTmp

Run Build Command(s):/usr/bin/make -f Makefile cmTC_6a80e/fast && /usr/bin/make  -f CMakeFiles/cmTC_6a80e.dir/build.make CMakeFiles/cmTC_6a80e.dir/build
make[1]: Entering directory '/home/yyk/KVstorageBaseRaft-cpp/build/CMakeFiles/CMakeTmp'
Building C object CMakeFiles/cmTC_6a80e.dir/CMakeCCompilerABI.c.o
/usr/local/bin/gcc    -o CMakeFiles/cmTC_6a80e.dir/CMakeCCompilerABI.c.o -c /usr/local/share/cmake-3.22/Modules/CMakeCCompilerABI.c
gcc: fatal error: cannot execute 'cc1': execvp: No such file or directory
compilation terminated.
make[1]: *** [CMakeFiles/cmTC_6a80e.dir/build.make:78: CMakeFiles/cmTC_6a80e.dir/CMakeCCompilerABI.c.o] Error 1
make[1]: Leaving directory '/home/yyk/KVstorageBaseRaft-cpp/build/CMakeFiles/CMakeTmp'
make: *** [Makefile:127: cmTC_6a80e/fast] Error 2




Determining if the C compiler works failed with the following output:
Change Dir: /home/yyk/KVstorageBaseRaft-cpp/build/CMakeFiles/CMakeTmp

Run Build Command(s):/usr/bin/make -f Makefile cmTC_c8ab9/fast && /usr/bin/make  -f CMakeFiles/cmTC_c8ab9.dir/build.make CMakeFiles/cmTC_c8ab9.dir/build
make[1]: Entering directory '/home/yyk/KVstorageBaseRaft-cpp/build/CMakeFiles/CMakeTmp'
Building C object CMakeFiles/cmTC_c8ab9.dir/testCCompiler.c.o
/usr/local/bin/gcc    -o CMakeFiles/cmTC_c8ab9.dir/testCCompiler.c.o -c /home/yyk/KVstorageBaseRaft-cpp/build/CMakeFiles/CMakeTmp/testCCompiler.c
gcc: fatal error: cannot execute ‘cc1’: execvp: No such file or directory
compilation terminated.
make[1]: *** [CMakeFiles/cmTC_c8ab9.dir/build.make:78: CMakeFiles/cmTC_c8ab9.dir/testCCompiler.c.o] Error 1
make[1]: Leaving directory '/home/yyk/KVstorageBaseRaft-cpp/build/CMakeFiles/CMakeTmp'
make: *** [Makefile:127: cmTC_c8ab9/fast] Error 2



Compiling the C compiler identification source file "CMakeCCompilerId.c" failed.
Compiler: /usr/local/bin/gcc 
Build flags: 
Id flags:  

The output was:
1
gcc: fatal error: cannot execute ‘cc1’: execvp: No such file or directory
compilation terminated.


Compiling the C compiler identification source file "CMakeCCompilerId.c" failed.
Compiler: /usr/local/bin/gcc 
Build flags: 
Id flags: -c 

The output was:
1
gcc: fatal error: cannot execute ‘cc1’: execvp: No such file or directory
compilation terminated.


Compiling the C compiler identification source file "CMakeCCompilerId.c" failed.
Compiler: /usr/local/bin/gcc 
Build flags: 
Id flags: -Aa 

The output was:
1
gcc: fatal error: cannot execute ‘cc1’: execvp: No such file or directory
compilation terminated.


Compiling the C compiler identification source file "CMakeCCompilerId.c" failed.
Compiler: /usr/local/bin/gcc 
Build flags: 
Id flags: -D__CLASSIC_C__ 

The output was:
1
gcc: fatal error: cannot execute ‘cc1’: execvp: No such file or directory
compilation terminated.


Compiling the C compiler identification source file "CMakeCCompilerId.c" failed.
Compiler: /usr/local/bin/gcc 
Build flags: 
Id flags: --target=arm-arm-none-eabi;-mcpu=cortex-m3 

The output was:
1
gcc: warning: ‘-mcpu=’ is deprecated; use ‘-mtune=’ or ‘-march=’ instead
gcc: error: unrecognized command line option ‘--target=arm-arm-none-eabi’


Compiling the C compiler identification source file "CMakeCCompilerId.c" failed.
Compiler: /usr/local/bin/gcc 
Build flags: 
Id flags: -c;-I__does_not_exist__ 

The output was:
1
gcc: fatal error: cannot execute ‘cc1’: execvp: No such file or directory
compilation terminated.


Compiling the C compiler identification source file "CMakeCCompilerId.c" failed.
Compiler: /usr/local/bin/gcc 
Build flags: 
Id flags:  

The output was:
1
gcc: fatal error: cannot execute ‘cc1’: execvp: No such file or directory
compilation terminated.


Compiling the C compiler identification source file "CMakeCCompilerId.c" failed.
Compiler: /usr/local/bin/gcc 
Build flags: 
Id flags: -c 

The output was:
1
gcc: fatal error: cannot execute ‘cc1’: execvp: No such file or directory
compilation terminated.


Compiling the C compiler identification source file "CMakeCCompilerId.c" failed.
Compiler: /usr/local/bin/gcc 
Build flags: 
Id flags: -Aa 

The output was:
1
gcc: fatal error: cannot execute ‘cc1’: execvp: No such file or directory
compilation terminated.


Compiling the C compiler identification source file "CMakeCCompilerId.c" failed.
Compiler: /usr/local/bin/gcc 
Build flags: 
Id flags: -D__CLASSIC_C__ 

The output was:
1
gcc: fatal error: cannot execute ‘cc1’: execvp: No such file or directory
compilation terminated.


Compiling the C compiler identification source file "CMakeCCompilerId.c" failed.
Compiler: /usr/local/bin/gcc 
Build flags: 
Id flags: --target=arm-arm-none-eabi;-mcpu=cortex-m3 

The output was:
1
gcc: warning: ‘-mcpu=’ is deprecated; use ‘-mtune=’ or ‘-march=’ instead
gcc: error: unrecognized command line option ‘--target=arm-arm-none-eabi’


Compiling the C compiler identification source file "CMakeCCompilerId.c" failed.
Compiler: /usr/local/bin/gcc 
Build flags: 
Id flags: -c;-I__does_not_exist__ 

The output was:
1
gcc: fatal error: cannot execute ‘cc1’: execvp: No such file or directory
compilation terminated.


Checking whether the C compiler is IAR using "" did not match "IAR .+ Compiler":
gcc: fatal error: no input files
compilation terminated.
Checking whether the C compiler is IAR using "" did not match "IAR .+ Compiler":
gcc: fatal error: no input files
compilation terminated.
Compiling the CXX compiler identification source file "CMakeCXXCompilerId.cpp" failed.
Compiler: /usr/local/bin/g++ 
Build flags: 
Id flags:  

The output was:
1
g++: fatal error: cannot execute ‘cc1plus’: execvp: No such file or directory
compilation terminated.


Compiling the CXX compiler identification source file "CMakeCXXCompilerId.cpp" failed.
Compiler: /usr/local/bin/g++ 
Build flags: 
Id flags: -c 

The output was:
1
g++: fatal error: cannot execute ‘cc1plus’: execvp: No such file or directory
compilation terminated.


Compiling the CXX compiler identification source file "CMakeCXXCompilerId.cpp" failed.
Compiler: /usr/local/bin/g++ 
Build flags: 
Id flags: --c++ 

The output was:
1
g++: error: unrecognized command line option ‘--c++’


Compiling the CXX compiler identification source file "CMakeCXXCompilerId.cpp" failed.
Compiler: /usr/local/bin/g++ 
Build flags: 
Id flags: --ec++ 

The output was:
1
g++: error: unrecognized command line option ‘--ec++’; did you mean ‘-Weffc++’?


Compiling the CXX compiler identification source file "CMakeCXXCompilerId.cpp" failed.
Compiler: /usr/local/bin/g++ 
Build flags: 
Id flags: --target=arm-arm-none-eabi;-mcpu=cortex-m3 

The output was:
1
g++: warning: ‘-mcpu=’ is deprecated; use ‘-mtune=’ or ‘-march=’ instead
g++: error: unrecognized command line option ‘--target=arm-arm-none-eabi’


Compiling the CXX compiler identification source file "CMakeCXXCompilerId.cpp" failed.
Compiler: /usr/local/bin/g++ 
Build flags: 
Id flags: -c;-I__does_not_exist__ 

The output was:
1
g++: fatal error: cannot execute ‘cc1plus’: execvp: No such file or directory
compilation terminated.


Compiling the CXX compiler identification source file "CMakeCXXCompilerId.cpp" failed.
Compiler: /usr/local/bin/g++ 
Build flags: 
Id flags:  

The output was:
1
g++: fatal error: cannot execute ‘cc1plus’: execvp: No such file or directory
compilation terminated.


Compiling the CXX compiler identification source file "CMakeCXXCompilerId.cpp" failed.
Compiler: /usr/local/bin/g++ 
Build flags: 
Id flags: -c 

The output was:
1
g++: fatal error: cannot execute ‘cc1plus’: execvp: No such file or directory
compilation terminated.


Compiling the CXX compiler identification source file "CMakeCXXCompilerId.cpp" failed.
Compiler: /usr/local/bin/g++ 
Build flags: 
Id flags: --c++ 

The output was:
1
g++: error: unrecognized command line option ‘--c++’


Compiling the CXX compiler identification source file "CMakeCXXCompilerId.cpp" failed.
Compiler: /usr/local/bin/g++ 
Build flags: 
Id flags: --ec++ 

The output was:
1
g++: error: unrecognized command line option ‘--ec++’; did you mean ‘-Weffc++’?


Compiling the CXX compiler identification source file "CMakeCXXCompilerId.cpp" failed.
Compiler: /usr/local/bin/g++ 
Build flags: 
Id flags: --target=arm-arm-none-eabi;-mcpu=cortex-m3 

The output was:
1
g++: warning: ‘-mcpu=’ is deprecated; use ‘-mtune=’ or ‘-march=’ instead
g++: error: unrecognized command line option ‘--target=arm-arm-none-eabi’


Compiling the CXX compiler identification source file "CMakeCXXCompilerId.cpp" failed.
Compiler: /usr/local/bin/g++ 
Build flags: 
Id flags: -c;-I__does_not_exist__ 

The output was:
1
g++: fatal error: cannot execute ‘cc1plus’: execvp: No such file or directory
compilation terminated.


Checking whether the CXX compiler is IAR using "" did not match "IAR .+ Compiler":
g++: fatal error: no input files
compilation terminated.
Checking whether the CXX compiler is IAR using "" did not match "IAR .+ Compiler":
g++: fatal error: no input files
compilation terminated.
Detecting C compiler ABI info failed to compile with the following output:
Change Dir: /home/yyk/KVstorageBaseRaft-cpp/build/CMakeFiles/CMakeTmp

Run Build Command(s):/usr/bin/make -f Makefile cmTC_264d8/fast && /usr/bin/make  -f CMakeFiles/cmTC_264d8.dir/build.make CMakeFiles/cmTC_264d8.dir/build
make[1]: Entering directory '/home/yyk/KVstorageBaseRaft-cpp/build/CMakeFiles/CMakeTmp'
Building C object CMakeFiles/cmTC_264d8.dir/CMakeCCompilerABI.c.o
/usr/local/bin/gcc    -o CMakeFiles/cmTC_264d8.dir/CMakeCCompilerABI.c.o -c /usr/local/share/cmake-3.22/Modules/CMakeCCompilerABI.c
gcc: fatal error: cannot execute 'cc1': execvp: No such file or directory
compilation terminated.
make[1]: *** [CMakeFiles/cmTC_264d8.dir/build.make:78: CMakeFiles/cmTC_264d8.dir/CMakeCCompilerABI.c.o] Error 1
make[1]: Leaving directory '/home/yyk/KVstorageBaseRaft-cpp/build/CMakeFiles/CMakeTmp'
make: *** [Makefile:127: cmTC_264d8/fast] Error 2




Determining if the C compiler works failed with the following output:
Change Dir: /home/yyk/KVstorageBaseRaft-cpp/build/CMakeFiles/CMakeTmp

Run Build Command(s):/usr/bin/make -f Makefile cmTC_83a3b/fast && /usr/bin/make  -f CMakeFiles/cmTC_83a3b.dir/build.make CMakeFiles/cmTC_83a3b.dir/build
make[1]: Entering directory '/home/yyk/KVstorageBaseRaft-cpp/build/CMakeFiles/CMakeTmp'
Building C object CMakeFiles/cmTC_83a3b.dir/testCCompiler.c.o
/usr/local/bin/gcc    -o CMakeFiles/cmTC_83a3b.dir/testCCompiler.c.o -c /home/yyk/KVstorageBaseRaft-cpp/build/CMakeFiles/CMakeTmp/testCCompiler.c
gcc: fatal error: cannot execute ‘cc1’: execvp: No such file or directory
compilation terminated.
make[1]: *** [CMakeFiles/cmTC_83a3b.dir/build.make:78: CMakeFiles/cmTC_83a3b.dir/testCCompiler.c.o] Error 1
make[1]: Leaving directory '/home/yyk/KVstorageBaseRaft-cpp/build/CMakeFiles/CMakeTmp'
make: *** [Makefile:127: cmTC_83a3b/fast] Error 2



Compiling the C compiler identification source file "CMakeCCompilerId.c" failed.
Compiler: /usr/local/bin/gcc 
Build flags: 
Id flags:  

The output was:
1
gcc: fatal error: cannot execute ‘cc1’: execvp: No such file or directory
compilation terminated.


Compiling the C compiler identification source file "CMakeCCompilerId.c" failed.
Compiler: /usr/local/bin/gcc 
Build flags: 
Id flags: -c 

The output was:
1
gcc: fatal error: cannot execute ‘cc1’: execvp: No such file or directory
compilation terminated.


Compiling the C compiler identification source file "CMakeCCompilerId.c" failed.
Compiler: /usr/local/bin/gcc 
Build flags: 
Id flags: -Aa 

The output was:
1
gcc: fatal error: cannot execute ‘cc1’: execvp: No such file or directory
compilation terminated.


Compiling the C compiler identification source file "CMakeCCompilerId.c" failed.
Compiler: /usr/local/bin/gcc 
Build flags: 
Id flags: -D__CLASSIC_C__ 

The output was:
1
gcc: fatal error: cannot execute ‘cc1’: execvp: No such file or directory
compilation terminated.


Compiling the C compiler identification source file "CMakeCCompilerId.c" failed.
Compiler: /usr/local/bin/gcc 
Build flags: 
Id flags: --target=arm-arm-none-eabi;-mcpu=cortex-m3 

The output was:
1
gcc: warning: ‘-mcpu=’ is deprecated; use ‘-mtune=’ or ‘-march=’ instead
gcc: error: unrecognized command line option ‘--target=arm-arm-none-eabi’


Compiling the C compiler identification source file "CMakeCCompilerId.c" failed.
Compiler: /usr/local/bin/gcc 
Build flags: 
Id flags: -c;-I__does_not_exist__ 

The output was:
1
gcc: fatal error: cannot execute ‘cc1’: execvp: No such file or directory
compilation terminated.


Compiling the C compiler identification source file "CMakeCCompilerId.c" failed.
Compiler: /usr/local/bin/gcc 
Build flags: 
Id flags:  

The output was:
1
gcc: fatal error: cannot execute ‘cc1’: execvp: No such file or directory
compilation terminated.


Compiling the C compiler identification source file "CMakeCCompilerId.c" failed.
Compiler: /usr/local/bin/gcc 
Build flags: 
Id flags: -c 

The output was:
1
gcc: fatal error: cannot execute ‘cc1’: execvp: No such file or directory
compilation terminated.


Compiling the C compiler identification source file "CMakeCCompilerId.c" failed.
Compiler: /usr/local/bin/gcc 
Build flags: 
Id flags: -Aa 

The output was:
1
gcc: fatal error: cannot execute ‘cc1’: execvp: No such file or directory
compilation terminated.


Compiling the C compiler identification source file "CMakeCCompilerId.c" failed.
Compiler: /usr/local/bin/gcc 
Build flags: 
Id flags: -D__CLASSIC_C__ 

The output was:
1
gcc: fatal error: cannot execute ‘cc1’: execvp: No such file or directory
compilation terminated.


Compiling the C compiler identification source file "CMakeCCompilerId.c" failed.
Compiler: /usr/local/bin/gcc 
Build flags: 
Id flags: --target=arm-arm-none-eabi;-mcpu=cortex-m3 

The output was:
1
gcc: warning: ‘-mcpu=’ is deprecated; use ‘-mtune=’ or ‘-march=’ instead
gcc: error: unrecognized command line option ‘--target=arm-arm-none-eabi’


Compiling the C compiler identification source file "CMakeCCompilerId.c" failed.
Compiler: /usr/local/bin/gcc 
Build flags: 
Id flags: -c;-I__does_not_exist__ 

The output was:
1
gcc: fatal error: cannot execute ‘cc1’: execvp: No such file or directory
compilation terminated.


Checking whether the C compiler is IAR using "" did not match "IAR .+ Compiler":
gcc: fatal error: no input files
compilation terminated.
Checking whether the C compiler is IAR using "" did not match "IAR .+ Compiler":
gcc: fatal error: no input files
compilation terminated.
Compiling the CXX compiler identification source file "CMakeCXXCompilerId.cpp" failed.
Compiler: /usr/local/bin/g++ 
Build flags: 
Id flags:  

The output was:
1
g++: fatal error: cannot execute ‘cc1plus’: execvp: No such file or directory
compilation terminated.


Compiling the CXX compiler identification source file "CMakeCXXCompilerId.cpp" failed.
Compiler: /usr/local/bin/g++ 
Build flags: 
Id flags: -c 

The output was:
1
g++: fatal error: cannot execute ‘cc1plus’: execvp: No such file or directory
compilation terminated.


Compiling the CXX compiler identification source file "CMakeCXXCompilerId.cpp" failed.
Compiler: /usr/local/bin/g++ 
Build flags: 
Id flags: --c++ 

The output was:
1
g++: error: unrecognized command line option ‘--c++’


Compiling the CXX compiler identification source file "CMakeCXXCompilerId.cpp" failed.
Compiler: /usr/local/bin/g++ 
Build flags: 
Id flags: --ec++ 

The output was:
1
g++: error: unrecognized command line option ‘--ec++’; did you mean ‘-Weffc++’?


Compiling the CXX compiler identification source file "CMakeCXXCompilerId.cpp" failed.
Compiler: /usr/local/bin/g++ 
Build flags: 
Id flags: --target=arm-arm-none-eabi;-mcpu=cortex-m3 

The output was:
1
g++: warning: ‘-mcpu=’ is deprecated; use ‘-mtune=’ or ‘-march=’ instead
g++: error: unrecognized command line option ‘--target=arm-arm-none-eabi’


Compiling the CXX compiler identification source file "CMakeCXXCompilerId.cpp" failed.
Compiler: /usr/local/bin/g++ 
Build flags: 
Id flags: -c;-I__does_not_exist__ 

The output was:
1
g++: fatal error: cannot execute ‘cc1plus’: execvp: No such file or directory
compilation terminated.


Compiling the CXX compiler identification source file "CMakeCXXCompilerId.cpp" failed.
Compiler: /usr/local/bin/g++ 
Build flags: 
Id flags:  

The output was:
1
g++: fatal error: cannot execute ‘cc1plus’: execvp: No such file or directory
compilation terminated.


Compiling the CXX compiler identification source file "CMakeCXXCompilerId.cpp" failed.
Compiler: /usr/local/bin/g++ 
Build flags: 
Id flags: -c 

The output was:
1
g++: fatal error: cannot execute ‘cc1plus’: execvp: No such file or directory
compilation terminated.


Compiling the CXX compiler identification source file "CMakeCXXCompilerId.cpp" failed.
Compiler: /usr/local/bin/g++ 
Build flags: 
Id flags: --c++ 

The output was:
1
g++: error: unrecognized command line option ‘--c++’


Compiling the CXX compiler identification source file "CMakeCXXCompilerId.cpp" failed.
Compiler: /usr/local/bin/g++ 
Build flags: 
Id flags: --ec++ 

The output was:
1
g++: error: unrecognized command line option ‘--ec++’; did you mean ‘-Weffc++’?


Compiling the CXX compiler identification source file "CMakeCXXCompilerId.cpp" failed.
Compiler: /usr/local/bin/g++ 
Build flags: 
Id flags: --target=arm-arm-none-eabi;-mcpu=cortex-m3 

The output was:
1
g++: warning: ‘-mcpu=’ is deprecated; use ‘-mtune=’ or ‘-march=’ instead
g++: error: unrecognized command line option ‘--target=arm-arm-none-eabi’


Compiling the CXX compiler identification source file "CMakeCXXCompilerId.cpp" failed.
Compiler: /usr/local/bin/g++ 
Build flags: 
Id flags: -c;-I__does_not_exist__ 

The output was:
1
g++: fatal error: cannot execute ‘cc1plus’: execvp: No such file or directory
compilation terminated.


Checking whether the CXX compiler is IAR using "" did not match "IAR .+ Compiler":
g++: fatal error: no input files
compilation terminated.
Checking whether the CXX compiler is IAR using "" did not match "IAR .+ Compiler":
g++: fatal error: no input files
compilation terminated.
Detecting C compiler ABI info failed to compile with the following output:
Change Dir: /home/yyk/KVstorageBaseRaft-cpp/build/CMakeFiles/CMakeTmp

Run Build Command(s):/usr/bin/make -f Makefile cmTC_c4738/fast && /usr/bin/make  -f CMakeFiles/cmTC_c4738.dir/build.make CMakeFiles/cmTC_c4738.dir/build
make[1]: Entering directory '/home/yyk/KVstorageBaseRaft-cpp/build/CMakeFiles/CMakeTmp'
Building C object CMakeFiles/cmTC_c4738.dir/CMakeCCompilerABI.c.o
/usr/local/bin/gcc    -o CMakeFiles/cmTC_c4738.dir/CMakeCCompilerABI.c.o -c /usr/local/share/cmake-3.22/Modules/CMakeCCompilerABI.c
gcc: fatal error: cannot execute 'cc1': execvp: No such file or directory
compilation terminated.
make[1]: *** [CMakeFiles/cmTC_c4738.dir/build.make:78: CMakeFiles/cmTC_c4738.dir/CMakeCCompilerABI.c.o] Error 1
make[1]: Leaving directory '/home/yyk/KVstorageBaseRaft-cpp/build/CMakeFiles/CMakeTmp'
make: *** [Makefile:127: cmTC_c4738/fast] Error 2




Determining if the C compiler works failed with the following output:
Change Dir: /home/yyk/KVstorageBaseRaft-cpp/build/CMakeFiles/CMakeTmp

Run Build Command(s):/usr/bin/make -f Makefile cmTC_53ea7/fast && /usr/bin/make  -f CMakeFiles/cmTC_53ea7.dir/build.make CMakeFiles/cmTC_53ea7.dir/build
make[1]: Entering directory '/home/yyk/KVstorageBaseRaft-cpp/build/CMakeFiles/CMakeTmp'
Building C object CMakeFiles/cmTC_53ea7.dir/testCCompiler.c.o
/usr/local/bin/gcc    -o CMakeFiles/cmTC_53ea7.dir/testCCompiler.c.o -c /home/yyk/KVstorageBaseRaft-cpp/build/CMakeFiles/CMakeTmp/testCCompiler.c
gcc: fatal error: cannot execute ‘cc1’: execvp: No such file or directory
compilation terminated.
make[1]: *** [CMakeFiles/cmTC_53ea7.dir/build.make:78: CMakeFiles/cmTC_53ea7.dir/testCCompiler.c.o] Error 1
make[1]: Leaving directory '/home/yyk/KVstorageBaseRaft-cpp/build/CMakeFiles/CMakeTmp'
make: *** [Makefile:127: cmTC_53ea7/fast] Error 2



Compiling the C compiler identification source file "CMakeCCompilerId.c" failed.
Compiler: /usr/local/bin/gcc 
Build flags: 
Id flags:  

The output was:
1
gcc: fatal error: cannot execute ‘cc1’: execvp: No such file or directory
compilation terminated.


Compiling the C compiler identification source file "CMakeCCompilerId.c" failed.
Compiler: /usr/local/bin/gcc 
Build flags: 
Id flags: -c 

The output was:
1
gcc: fatal error: cannot execute ‘cc1’: execvp: No such file or directory
compilation terminated.


Compiling the C compiler identification source file "CMakeCCompilerId.c" failed.
Compiler: /usr/local/bin/gcc 
Build flags: 
Id flags: -Aa 

The output was:
1
gcc: fatal error: cannot execute ‘cc1’: execvp: No such file or directory
compilation terminated.


Compiling the C compiler identification source file "CMakeCCompilerId.c" failed.
Compiler: /usr/local/bin/gcc 
Build flags: 
Id flags: -D__CLASSIC_C__ 

The output was:
1
gcc: fatal error: cannot execute ‘cc1’: execvp: No such file or directory
compilation terminated.


Compiling the C compiler identification source file "CMakeCCompilerId.c" failed.
Compiler: /usr/local/bin/gcc 
Build flags: 
Id flags: --target=arm-arm-none-eabi;-mcpu=cortex-m3 

The output was:
1
gcc: warning: ‘-mcpu=’ is deprecated; use ‘-mtune=’ or ‘-march=’ instead
gcc: error: unrecognized command line option ‘--target=arm-arm-none-eabi’


Compiling the C compiler identification source file "CMakeCCompilerId.c" failed.
Compiler: /usr/local/bin/gcc 
Build flags: 
Id flags: -c;-I__does_not_exist__ 

The output was:
1
gcc: fatal error: cannot execute ‘cc1’: execvp: No such file or directory
compilation terminated.


Compiling the C compiler identification source file "CMakeCCompilerId.c" failed.
Compiler: /usr/local/bin/gcc 
Build flags: 
Id flags:  

The output was:
1
gcc: fatal error: cannot execute ‘cc1’: execvp: No such file or directory
compilation terminated.


Compiling the C compiler identification source file "CMakeCCompilerId.c" failed.
Compiler: /usr/local/bin/gcc 
Build flags: 
Id flags: -c 

The output was:
1
gcc: fatal error: cannot execute ‘cc1’: execvp: No such file or directory
compilation terminated.


Compiling the C compiler identification source file "CMakeCCompilerId.c" failed.
Compiler: /usr/local/bin/gcc 
Build flags: 
Id flags: -Aa 

The output was:
1
gcc: fatal error: cannot execute ‘cc1’: execvp: No such file or directory
compilation terminated.


Compiling the C compiler identification source file "CMakeCCompilerId.c" failed.
Compiler: /usr/local/bin/gcc 
Build flags: 
Id flags: -D__CLASSIC_C__ 

The output was:
1
gcc: fatal error: cannot execute ‘cc1’: execvp: No such file or directory
compilation terminated.


Compiling the C compiler identification source file "CMakeCCompilerId.c" failed.
Compiler: /usr/local/bin/gcc 
Build flags: 
Id flags: --target=arm-arm-none-eabi;-mcpu=cortex-m3 

The output was:
1
gcc: warning: ‘-mcpu=’ is deprecated; use ‘-mtune=’ or ‘-march=’ instead
gcc: error: unrecognized command line option ‘--target=arm-arm-none-eabi’


Compiling the C compiler identification source file "CMakeCCompilerId.c" failed.
Compiler: /usr/local/bin/gcc 
Build flags: 
Id flags: -c;-I__does_not_exist__ 

The output was:
1
gcc: fatal error: cannot execute ‘cc1’: execvp: No such file or directory
compilation terminated.


Checking whether the C compiler is IAR using "" did not match "IAR .+ Compiler":
gcc: fatal error: no input files
compilation terminated.
Checking whether the C compiler is IAR using "" did not match "IAR .+ Compiler":
gcc: fatal error: no input files
compilation terminated.
Compiling the CXX compiler identification source file "CMakeCXXCompilerId.cpp" failed.
Compiler: /usr/local/bin/g++ 
Build flags: 
Id flags:  

The output was:
1
g++: fatal error: cannot execute ‘cc1plus’: execvp: No such file or directory
compilation terminated.


Compiling the CXX compiler identification source file "CMakeCXXCompilerId.cpp" failed.
Compiler: /usr/local/bin/g++ 
Build flags: 
Id flags: -c 

The output was:
1
g++: fatal error: cannot execute ‘cc1plus’: execvp: No such file or directory
compilation terminated.


Compiling the CXX compiler identification source file "CMakeCXXCompilerId.cpp" failed.
Compiler: /usr/local/bin/g++ 
Build flags: 
Id flags: --c++ 

The output was:
1
g++: error: unrecognized command line option ‘--c++’


Compiling the CXX compiler identification source file "CMakeCXXCompilerId.cpp" failed.
Compiler: /usr/local/bin/g++ 
Build flags: 
Id flags: --ec++ 

The output was:
1
g++: error: unrecognized command line option ‘--ec++’; did you mean ‘-Weffc++’?


Compiling the CXX compiler identification source file "CMakeCXXCompilerId.cpp" failed.
Compiler: /usr/local/bin/g++ 
Build flags: 
Id flags: --target=arm-arm-none-eabi;-mcpu=cortex-m3 

The output was:
1
g++: warning: ‘-mcpu=’ is deprecated; use ‘-mtune=’ or ‘-march=’ instead
g++: error: unrecognized command line option ‘--target=arm-arm-none-eabi’


Compiling the CXX compiler identification source file "CMakeCXXCompilerId.cpp" failed.
Compiler: /usr/local/bin/g++ 
Build flags: 
Id flags: -c;-I__does_not_exist__ 

The output was:
1
g++: fatal error: cannot execute ‘cc1plus’: execvp: No such file or directory
compilation terminated.


Compiling the CXX compiler identification source file "CMakeCXXCompilerId.cpp" failed.
Compiler: /usr/local/bin/g++ 
Build flags: 
Id flags:  

The output was:
1
g++: fatal error: cannot execute ‘cc1plus’: execvp: No such file or directory
compilation terminated.


Compiling the CXX compiler identification source file "CMakeCXXCompilerId.cpp" failed.
Compiler: /usr/local/bin/g++ 
Build flags: 
Id flags: -c 

The output was:
1
g++: fatal error: cannot execute ‘cc1plus’: execvp: No such file or directory
compilation terminated.


Compiling the CXX compiler identification source file "CMakeCXXCompilerId.cpp" failed.
Compiler: /usr/local/bin/g++ 
Build flags: 
Id flags: --c++ 

The output was:
1
g++: error: unrecognized command line option ‘--c++’


Compiling the CXX compiler identification source file "CMakeCXXCompilerId.cpp" failed.
Compiler: /usr/local/bin/g++ 
Build flags: 
Id flags: --ec++ 

The output was:
1
g++: error: unrecognized command line option ‘--ec++’; did you mean ‘-Weffc++’?


Compiling the CXX compiler identification source file "CMakeCXXCompilerId.cpp" failed.
Compiler: /usr/local/bin/g++ 
Build flags: 
Id flags: --target=arm-arm-none-eabi;-mcpu=cortex-m3 

The output was:
1
g++: warning: ‘-mcpu=’ is deprecated; use ‘-mtune=’ or ‘-march=’ instead
g++: error: unrecognized command line option ‘--target=arm-arm-none-eabi’


Compiling the CXX compiler identification source file "CMakeCXXCompilerId.cpp" failed.
Compiler: /usr/local/bin/g++ 
Build flags: 
Id flags: -c;-I__does_not_exist__ 

The output was:
1
g++: fatal error: cannot execute ‘cc1plus’: execvp: No such file or directory
compilation terminated.


Checking whether the CXX compiler is IAR using "" did not match "IAR .+ Compiler":
g++: fatal error: no input files
compilation terminated.
Checking whether the CXX compiler is IAR using "" did not match "IAR .+ Compiler":
g++: fatal error: no input files
compilation terminated.
Detecting C compiler ABI info failed to compile with the following output:
Change Dir: /home/yyk/KVstorageBaseRaft-cpp/build/CMakeFiles/CMakeTmp

Run Build Command(s):/usr/bin/make -f Makefile cmTC_ddeef/fast && /usr/bin/make  -f CMakeFiles/cmTC_ddeef.dir/build.make CMakeFiles/cmTC_ddeef.dir/build
make[1]: Entering directory '/home/yyk/KVstorageBaseRaft-cpp/build/CMakeFiles/CMakeTmp'
Building C object CMakeFiles/cmTC_ddeef.dir/CMakeCCompilerABI.c.o
/usr/local/bin/gcc    -o CMakeFiles/cmTC_ddeef.dir/CMakeCCompilerABI.c.o -c /usr/local/share/cmake-3.22/Modules/CMakeCCompilerABI.c
gcc: fatal error: cannot execute 'cc1': execvp: No such file or directory
compilation terminated.
make[1]: *** [CMakeFiles/cmTC_ddeef.dir/build.make:78: CMakeFiles/cmTC_ddeef.dir/CMakeCCompilerABI.c.o] Error 1
make[1]: Leaving directory '/home/yyk/KVstorageBaseRaft-cpp/build/CMakeFiles/CMakeTmp'
make: *** [Makefile:127: cmTC_ddeef/fast] Error 2




Determining if the C compiler works failed with the following output:
Change Dir: /home/yyk/KVstorageBaseRaft-cpp/build/CMakeFiles/CMakeTmp

Run Build Command(s):/usr/bin/make -f Makefile cmTC_db974/fast && /usr/bin/make  -f CMakeFiles/cmTC_db974.dir/build.make CMakeFiles/cmTC_db974.dir/build
make[1]: Entering directory '/home/yyk/KVstorageBaseRaft-cpp/build/CMakeFiles/CMakeTmp'
Building C object CMakeFiles/cmTC_db974.dir/testCCompiler.c.o
/usr/local/bin/gcc    -o CMakeFiles/cmTC_db974.dir/testCCompiler.c.o -c /home/yyk/KVstorageBaseRaft-cpp/build/CMakeFiles/CMakeTmp/testCCompiler.c
gcc: fatal error: cannot execute ‘cc1’: execvp: No such file or directory
compilation terminated.
make[1]: *** [CMakeFiles/cmTC_db974.dir/build.make:78: CMakeFiles/cmTC_db974.dir/testCCompiler.c.o] Error 1
make[1]: Leaving directory '/home/yyk/KVstorageBaseRaft-cpp/build/CMakeFiles/CMakeTmp'
make: *** [Makefile:127: cmTC_db974/fast] Error 2



Compiling the C compiler identification source file "CMakeCCompilerId.c" failed.
Compiler: /usr/local/bin/gcc 
Build flags: 
Id flags:  

The output was:
1
gcc: fatal error: cannot execute ‘cc1’: execvp: No such file or directory
compilation terminated.


Compiling the C compiler identification source file "CMakeCCompilerId.c" failed.
Compiler: /usr/local/bin/gcc 
Build flags: 
Id flags: -c 

The output was:
1
gcc: fatal error: cannot execute ‘cc1’: execvp: No such file or directory
compilation terminated.


Compiling the C compiler identification source file "CMakeCCompilerId.c" failed.
Compiler: /usr/local/bin/gcc 
Build flags: 
Id flags: -Aa 

The output was:
1
gcc: fatal error: cannot execute ‘cc1’: execvp: No such file or directory
compilation terminated.


Compiling the C compiler identification source file "CMakeCCompilerId.c" failed.
Compiler: /usr/local/bin/gcc 
Build flags: 
Id flags: -D__CLASSIC_C__ 

The output was:
1
gcc: fatal error: cannot execute ‘cc1’: execvp: No such file or directory
compilation terminated.


Compiling the C compiler identification source file "CMakeCCompilerId.c" failed.
Compiler: /usr/local/bin/gcc 
Build flags: 
Id flags: --target=arm-arm-none-eabi;-mcpu=cortex-m3 

The output was:
1
gcc: warning: ‘-mcpu=’ is deprecated; use ‘-mtune=’ or ‘-march=’ instead
gcc: error: unrecognized command line option ‘--target=arm-arm-none-eabi’


Compiling the C compiler identification source file "CMakeCCompilerId.c" failed.
Compiler: /usr/local/bin/gcc 
Build flags: 
Id flags: -c;-I__does_not_exist__ 

The output was:
1
gcc: fatal error: cannot execute ‘cc1’: execvp: No such file or directory
compilation terminated.


Compiling the C compiler identification source file "CMakeCCompilerId.c" failed.
Compiler: /usr/local/bin/gcc 
Build flags: 
Id flags:  

The output was:
1
gcc: fatal error: cannot execute ‘cc1’: execvp: No such file or directory
compilation terminated.


Compiling the C compiler identification source file "CMakeCCompilerId.c" failed.
Compiler: /usr/local/bin/gcc 
Build flags: 
Id flags: -c 

The output was:
1
gcc: fatal error: cannot execute ‘cc1’: execvp: No such file or directory
compilation terminated.


Compiling the C compiler identification source file "CMakeCCompilerId.c" failed.
Compiler: /usr/local/bin/gcc 
Build flags: 
Id flags: -Aa 

The output was:
1
gcc: fatal error: cannot execute ‘cc1’: execvp: No such file or directory
compilation terminated.


Compiling the C compiler identification source file "CMakeCCompilerId.c" failed.
Compiler: /usr/local/bin/gcc 
Build flags: 
Id flags: -D__CLASSIC_C__ 

The output was:
1
gcc: fatal error: cannot execute ‘cc1’: execvp: No such file or directory
compilation terminated.


Compiling the C compiler identification source file "CMakeCCompilerId.c" failed.
Compiler: /usr/local/bin/gcc 
Build flags: 
Id flags: --target=arm-arm-none-eabi;-mcpu=cortex-m3 

The output was:
1
gcc: warning: ‘-mcpu=’ is deprecated; use ‘-mtune=’ or ‘-march=’ instead
gcc: error: unrecognized command line option ‘--target=arm-arm-none-eabi’


Compiling the C compiler identification source file "CMakeCCompilerId.c" failed.
Compiler: /usr/local/bin/gcc 
Build flags: 
Id flags: -c;-I__does_not_exist__ 

The output was:
1
gcc: fatal error: cannot execute ‘cc1’: execvp: No such file or directory
compilation terminated.


Checking whether the C compiler is IAR using "" did not match "IAR .+ Compiler":
gcc: fatal error: no input files
compilation terminated.
Checking whether the C compiler is IAR using "" did not match "IAR .+ Compiler":
gcc: fatal error: no input files
compilation terminated.
Compiling the CXX compiler identification source file "CMakeCXXCompilerId.cpp" failed.
Compiler: /usr/local/bin/g++ 
Build flags: 
Id flags:  

The output was:
1
g++: fatal error: cannot execute ‘cc1plus’: execvp: No such file or directory
compilation terminated.


Compiling the CXX compiler identification source file "CMakeCXXCompilerId.cpp" failed.
Compiler: /usr/local/bin/g++ 
Build flags: 
Id flags: -c 

The output was:
1
g++: fatal error: cannot execute ‘cc1plus’: execvp: No such file or directory
compilation terminated.


Compiling the CXX compiler identification source file "CMakeCXXCompilerId.cpp" failed.
Compiler: /usr/local/bin/g++ 
Build flags: 
Id flags: --c++ 

The output was:
1
g++: error: unrecognized command line option ‘--c++’


Compiling the CXX compiler identification source file "CMakeCXXCompilerId.cpp" failed.
Compiler: /usr/local/bin/g++ 
Build flags: 
Id flags: --ec++ 

The output was:
1
g++: error: unrecognized command line option ‘--ec++’; did you mean ‘-Weffc++’?


Compiling the CXX compiler identification source file "CMakeCXXCompilerId.cpp" failed.
Compiler: /usr/local/bin/g++ 
Build flags: 
Id flags: --target=arm-arm-none-eabi;-mcpu=cortex-m3 

The output was:
1
g++: warning: ‘-mcpu=’ is deprecated; use ‘-mtune=’ or ‘-march=’ instead
g++: error: unrecognized command line option ‘--target=arm-arm-none-eabi’


Compiling the CXX compiler identification source file "CMakeCXXCompilerId.cpp" failed.
Compiler: /usr/local/bin/g++ 
Build flags: 
Id flags: -c;-I__does_not_exist__ 

The output was:
1
g++: fatal error: cannot execute ‘cc1plus’: execvp: No such file or directory
compilation terminated.


Compiling the CXX compiler identification source file "CMakeCXXCompilerId.cpp" failed.
Compiler: /usr/local/bin/g++ 
Build flags: 
Id flags:  

The output was:
1
g++: fatal error: cannot execute ‘cc1plus’: execvp: No such file or directory
compilation terminated.


Compiling the CXX compiler identification source file "CMakeCXXCompilerId.cpp" failed.
Compiler: /usr/local/bin/g++ 
Build flags: 
Id flags: -c 

The output was:
1
g++: fatal error: cannot execute ‘cc1plus’: execvp: No such file or directory
compilation terminated.


Compiling the CXX compiler identification source file "CMakeCXXCompilerId.cpp" failed.
Compiler: /usr/local/bin/g++ 
Build flags: 
Id flags: --c++ 

The output was:
1
g++: error: unrecognized command line option ‘--c++’


Compiling the CXX compiler identification source file "CMakeCXXCompilerId.cpp" failed.
Compiler: /usr/local/bin/g++ 
Build flags: 
Id flags: --ec++ 

The output was:
1
g++: error: unrecognized command line option ‘--ec++’; did you mean ‘-Weffc++’?


Compiling the CXX compiler identification source file "CMakeCXXCompilerId.cpp" failed.
Compiler: /usr/local/bin/g++ 
Build flags: 
Id flags: --target=arm-arm-none-eabi;-mcpu=cortex-m3 

The output was:
1
g++: warning: ‘-mcpu=’ is deprecated; use ‘-mtune=’ or ‘-march=’ instead
g++: error: unrecognized command line option ‘--target=arm-arm-none-eabi’


Compiling the CXX compiler identification source file "CMakeCXXCompilerId.cpp" failed.
Compiler: /usr/local/bin/g++ 
Build flags: 
Id flags: -c;-I__does_not_exist__ 

The output was:
1
g++: fatal error: cannot execute ‘cc1plus’: execvp: No such file or directory
compilation terminated.


Checking whether the CXX compiler is IAR using "" did not match "IAR .+ Compiler":
g++: fatal error: no input files
compilation terminated.
Checking whether the CXX compiler is IAR using "" did not match "IAR .+ Compiler":
g++: fatal error: no input files
compilation terminated.
Detecting C compiler ABI info failed to compile with the following output:
Change Dir: /home/yyk/KVstorageBaseRaft-cpp/build/CMakeFiles/CMakeTmp

Run Build Command(s):/usr/bin/make -f Makefile cmTC_16640/fast && /usr/bin/make  -f CMakeFiles/cmTC_16640.dir/build.make CMakeFiles/cmTC_16640.dir/build
make[1]: Entering directory '/home/yyk/KVstorageBaseRaft-cpp/build/CMakeFiles/CMakeTmp'
Building C object CMakeFiles/cmTC_16640.dir/CMakeCCompilerABI.c.o
/usr/local/bin/gcc    -o CMakeFiles/cmTC_16640.dir/CMakeCCompilerABI.c.o -c /usr/local/share/cmake-3.22/Modules/CMakeCCompilerABI.c
gcc: fatal error: cannot execute 'cc1': execvp: No such file or directory
compilation terminated.
make[1]: *** [CMakeFiles/cmTC_16640.dir/build.make:78: CMakeFiles/cmTC_16640.dir/CMakeCCompilerABI.c.o] Error 1
make[1]: Leaving directory '/home/yyk/KVstorageBaseRaft-cpp/build/CMakeFiles/CMakeTmp'
make: *** [Makefile:127: cmTC_16640/fast] Error 2




Determining if the C compiler works failed with the following output:
Change Dir: /home/yyk/KVstorageBaseRaft-cpp/build/CMakeFiles/CMakeTmp

Run Build Command(s):/usr/bin/make -f Makefile cmTC_1b107/fast && /usr/bin/make  -f CMakeFiles/cmTC_1b107.dir/build.make CMakeFiles/cmTC_1b107.dir/build
make[1]: Entering directory '/home/yyk/KVstorageBaseRaft-cpp/build/CMakeFiles/CMakeTmp'
Building C object CMakeFiles/cmTC_1b107.dir/testCCompiler.c.o
/usr/local/bin/gcc    -o CMakeFiles/cmTC_1b107.dir/testCCompiler.c.o -c /home/yyk/KVstorageBaseRaft-cpp/build/CMakeFiles/CMakeTmp/testCCompiler.c
gcc: fatal error: cannot execute ‘cc1’: execvp: No such file or directory
compilation terminated.
make[1]: *** [CMakeFiles/cmTC_1b107.dir/build.make:78: CMakeFiles/cmTC_1b107.dir/testCCompiler.c.o] Error 1
make[1]: Leaving directory '/home/yyk/KVstorageBaseRaft-cpp/build/CMakeFiles/CMakeTmp'
make: *** [Makefile:127: cmTC_1b107/fast] Error 2



Compiling the C compiler identification source file "CMakeCCompilerId.c" failed.
Compiler: /usr/local/bin/gcc 
Build flags: 
Id flags:  

The output was:
1
gcc: fatal error: cannot execute ‘cc1’: execvp: No such file or directory
compilation terminated.


Compiling the C compiler identification source file "CMakeCCompilerId.c" failed.
Compiler: /usr/local/bin/gcc 
Build flags: 
Id flags: -c 

The output was:
1
gcc: fatal error: cannot execute ‘cc1’: execvp: No such file or directory
compilation terminated.


Compiling the C compiler identification source file "CMakeCCompilerId.c" failed.
Compiler: /usr/local/bin/gcc 
Build flags: 
Id flags: -Aa 

The output was:
1
gcc: fatal error: cannot execute ‘cc1’: execvp: No such file or directory
compilation terminated.


Compiling the C compiler identification source file "CMakeCCompilerId.c" failed.
Compiler: /usr/local/bin/gcc 
Build flags: 
Id flags: -D__CLASSIC_C__ 

The output was:
1
gcc: fatal error: cannot execute ‘cc1’: execvp: No such file or directory
compilation terminated.


Compiling the C compiler identification source file "CMakeCCompilerId.c" failed.
Compiler: /usr/local/bin/gcc 
Build flags: 
Id flags: --target=arm-arm-none-eabi;-mcpu=cortex-m3 

The output was:
1
gcc: warning: ‘-mcpu=’ is deprecated; use ‘-mtune=’ or ‘-march=’ instead
gcc: error: unrecognized command line option ‘--target=arm-arm-none-eabi’


Compiling the C compiler identification source file "CMakeCCompilerId.c" failed.
Compiler: /usr/local/bin/gcc 
Build flags: 
Id flags: -c;-I__does_not_exist__ 

The output was:
1
gcc: fatal error: cannot execute ‘cc1’: execvp: No such file or directory
compilation terminated.


Compiling the C compiler identification source file "CMakeCCompilerId.c" failed.
Compiler: /usr/local/bin/gcc 
Build flags: 
Id flags:  

The output was:
1
gcc: fatal error: cannot execute ‘cc1’: execvp: No such file or directory
compilation terminated.


Compiling the C compiler identification source file "CMakeCCompilerId.c" failed.
Compiler: /usr/local/bin/gcc 
Build flags: 
Id flags: -c 

The output was:
1
gcc: fatal error: cannot execute ‘cc1’: execvp: No such file or directory
compilation terminated.


Compiling the C compiler identification source file "CMakeCCompilerId.c" failed.
Compiler: /usr/local/bin/gcc 
Build flags: 
Id flags: -Aa 

The output was:
1
gcc: fatal error: cannot execute ‘cc1’: execvp: No such file or directory
compilation terminated.


Compiling the C compiler identification source file "CMakeCCompilerId.c" failed.
Compiler: /usr/local/bin/gcc 
Build flags: 
Id flags: -D__CLASSIC_C__ 

The output was:
1
gcc: fatal error: cannot execute ‘cc1’: execvp: No such file or directory
compilation terminated.


Compiling the C compiler identification source file "CMakeCCompilerId.c" failed.
Compiler: /usr/local/bin/gcc 
Build flags: 
Id flags: --target=arm-arm-none-eabi;-mcpu=cortex-m3 

The output was:
1
gcc: warning: ‘-mcpu=’ is deprecated; use ‘-mtune=’ or ‘-march=’ instead
gcc: error: unrecognized command line option ‘--target=arm-arm-none-eabi’


Compiling the C compiler identification source file "CMakeCCompilerId.c" failed.
Compiler: /usr/local/bin/gcc 
Build flags: 
Id flags: -c;-I__does_not_exist__ 

The output was:
1
gcc: fatal error: cannot execute ‘cc1’: execvp: No such file or directory
compilation terminated.


Checking whether the C compiler is IAR using "" did not match "IAR .+ Compiler":
gcc: fatal error: no input files
compilation terminated.
Checking whether the C compiler is IAR using "" did not match "IAR .+ Compiler":
gcc: fatal error: no input files
compilation terminated.
Compiling the CXX compiler identification source file "CMakeCXXCompilerId.cpp" failed.
Compiler: /usr/local/bin/g++ 
Build flags: 
Id flags:  

The output was:
1
g++: fatal error: cannot execute ‘cc1plus’: execvp: No such file or directory
compilation terminated.


Compiling the CXX compiler identification source file "CMakeCXXCompilerId.cpp" failed.
Compiler: /usr/local/bin/g++ 
Build flags: 
Id flags: -c 

The output was:
1
g++: fatal error: cannot execute ‘cc1plus’: execvp: No such file or directory
compilation terminated.


Compiling the CXX compiler identification source file "CMakeCXXCompilerId.cpp" failed.
Compiler: /usr/local/bin/g++ 
Build flags: 
Id flags: --c++ 

The output was:
1
g++: error: unrecognized command line option ‘--c++’


Compiling the CXX compiler identification source file "CMakeCXXCompilerId.cpp" failed.
Compiler: /usr/local/bin/g++ 
Build flags: 
Id flags: --ec++ 

The output was:
1
g++: error: unrecognized command line option ‘--ec++’; did you mean ‘-Weffc++’?


Compiling the CXX compiler identification source file "CMakeCXXCompilerId.cpp" failed.
Compiler: /usr/local/bin/g++ 
Build flags: 
Id flags: --target=arm-arm-none-eabi;-mcpu=cortex-m3 

The output was:
1
g++: warning: ‘-mcpu=’ is deprecated; use ‘-mtune=’ or ‘-march=’ instead
g++: error: unrecognized command line option ‘--target=arm-arm-none-eabi’


Compiling the CXX compiler identification source file "CMakeCXXCompilerId.cpp" failed.
Compiler: /usr/local/bin/g++ 
Build flags: 
Id flags: -c;-I__does_not_exist__ 

The output was:
1
g++: fatal error: cannot execute ‘cc1plus’: execvp: No such file or directory
compilation terminated.


Compiling the CXX compiler identification source file "CMakeCXXCompilerId.cpp" failed.
Compiler: /usr/local/bin/g++ 
Build flags: 
Id flags:  

The output was:
1
g++: fatal error: cannot execute ‘cc1plus’: execvp: No such file or directory
compilation terminated.


Compiling the CXX compiler identification source file "CMakeCXXCompilerId.cpp" failed.
Compiler: /usr/local/bin/g++ 
Build flags: 
Id flags: -c 

The output was:
1
g++: fatal error: cannot execute ‘cc1plus’: execvp: No such file or directory
compilation terminated.


Compiling the CXX compiler identification source file "CMakeCXXCompilerId.cpp" failed.
Compiler: /usr/local/bin/g++ 
Build flags: 
Id flags: --c++ 

The output was:
1
g++: error: unrecognized command line option ‘--c++’


Compiling the CXX compiler identification source file "CMakeCXXCompilerId.cpp" failed.
Compiler: /usr/local/bin/g++ 
Build flags: 
Id flags: --ec++ 

The output was:
1
g++: error: unrecognized command line option ‘--ec++’; did you mean ‘-Weffc++’?


Compiling the CXX compiler identification source file "CMakeCXXCompilerId.cpp" failed.
Compiler: /usr/local/bin/g++ 
Build flags: 
Id flags: --target=arm-arm-none-eabi;-mcpu=cortex-m3 

The output was:
1
g++: warning: ‘-mcpu=’ is deprecated; use ‘-mtune=’ or ‘-march=’ instead
g++: error: unrecognized command line option ‘--target=arm-arm-none-eabi’


Compiling the CXX compiler identification source file "CMakeCXXCompilerId.cpp" failed.
Compiler: /usr/local/bin/g++ 
Build flags: 
Id flags: -c;-I__does_not_exist__ 

The output was:
1
g++: fatal error: cannot execute ‘cc1plus’: execvp: No such file or directory
compilation terminated.


Checking whether the CXX compiler is IAR using "" did not match "IAR .+ Compiler":
g++: fatal error: no input files
compilation terminated.
Checking whether the CXX compiler is IAR using "" did not match "IAR .+ Compiler":
g++: fatal error: no input files
compilation terminated.
Detecting C compiler ABI info failed to compile with the following output:
Change Dir: /home/yyk/KVstorageBaseRaft-cpp/build/CMakeFiles/CMakeTmp

Run Build Command(s):/usr/bin/make -f Makefile cmTC_90d24/fast && /usr/bin/make  -f CMakeFiles/cmTC_90d24.dir/build.make CMakeFiles/cmTC_90d24.dir/build
make[1]: Entering directory '/home/yyk/KVstorageBaseRaft-cpp/build/CMakeFiles/CMakeTmp'
Building C object CMakeFiles/cmTC_90d24.dir/CMakeCCompilerABI.c.o
/usr/local/bin/gcc    -o CMakeFiles/cmTC_90d24.dir/CMakeCCompilerABI.c.o -c /usr/local/share/cmake-3.22/Modules/CMakeCCompilerABI.c
gcc: fatal error: cannot execute 'cc1': execvp: No such file or directory
compilation terminated.
make[1]: *** [CMakeFiles/cmTC_90d24.dir/build.make:78: CMakeFiles/cmTC_90d24.dir/CMakeCCompilerABI.c.o] Error 1
make[1]: Leaving directory '/home/yyk/KVstorageBaseRaft-cpp/build/CMakeFiles/CMakeTmp'
make: *** [Makefile:127: cmTC_90d24/fast] Error 2




Determining if the C compiler works failed with the following output:
Change Dir: /home/yyk/KVstorageBaseRaft-cpp/build/CMakeFiles/CMakeTmp

Run Build Command(s):/usr/bin/make -f Makefile cmTC_a2eba/fast && /usr/bin/make  -f CMakeFiles/cmTC_a2eba.dir/build.make CMakeFiles/cmTC_a2eba.dir/build
make[1]: Entering directory '/home/yyk/KVstorageBaseRaft-cpp/build/CMakeFiles/CMakeTmp'
Building C object CMakeFiles/cmTC_a2eba.dir/testCCompiler.c.o
/usr/local/bin/gcc    -o CMakeFiles/cmTC_a2eba.dir/testCCompiler.c.o -c /home/yyk/KVstorageBaseRaft-cpp/build/CMakeFiles/CMakeTmp/testCCompiler.c
gcc: fatal error: cannot execute ‘cc1’: execvp: No such file or directory
compilation terminated.
make[1]: *** [CMakeFiles/cmTC_a2eba.dir/build.make:78: CMakeFiles/cmTC_a2eba.dir/testCCompiler.c.o] Error 1
make[1]: Leaving directory '/home/yyk/KVstorageBaseRaft-cpp/build/CMakeFiles/CMakeTmp'
make: *** [Makefile:127: cmTC_a2eba/fast] Error 2



Compiling the C compiler identification source file "CMakeCCompilerId.c" failed.
Compiler: /usr/local/bin/gcc 
Build flags: 
Id flags:  

The output was:
1
gcc: fatal error: cannot execute ‘cc1’: execvp: No such file or directory
compilation terminated.


Compiling the C compiler identification source file "CMakeCCompilerId.c" failed.
Compiler: /usr/local/bin/gcc 
Build flags: 
Id flags: -c 

The output was:
1
gcc: fatal error: cannot execute ‘cc1’: execvp: No such file or directory
compilation terminated.


Compiling the C compiler identification source file "CMakeCCompilerId.c" failed.
Compiler: /usr/local/bin/gcc 
Build flags: 
Id flags: -Aa 

The output was:
1
gcc: fatal error: cannot execute ‘cc1’: execvp: No such file or directory
compilation terminated.


Compiling the C compiler identification source file "CMakeCCompilerId.c" failed.
Compiler: /usr/local/bin/gcc 
Build flags: 
Id flags: -D__CLASSIC_C__ 

The output was:
1
gcc: fatal error: cannot execute ‘cc1’: execvp: No such file or directory
compilation terminated.


Compiling the C compiler identification source file "CMakeCCompilerId.c" failed.
Compiler: /usr/local/bin/gcc 
Build flags: 
Id flags: --target=arm-arm-none-eabi;-mcpu=cortex-m3 

The output was:
1
gcc: warning: ‘-mcpu=’ is deprecated; use ‘-mtune=’ or ‘-march=’ instead
gcc: error: unrecognized command line option ‘--target=arm-arm-none-eabi’


Compiling the C compiler identification source file "CMakeCCompilerId.c" failed.
Compiler: /usr/local/bin/gcc 
Build flags: 
Id flags: -c;-I__does_not_exist__ 

The output was:
1
gcc: fatal error: cannot execute ‘cc1’: execvp: No such file or directory
compilation terminated.


Compiling the C compiler identification source file "CMakeCCompilerId.c" failed.
Compiler: /usr/local/bin/gcc 
Build flags: 
Id flags:  

The output was:
1
gcc: fatal error: cannot execute ‘cc1’: execvp: No such file or directory
compilation terminated.


Compiling the C compiler identification source file "CMakeCCompilerId.c" failed.
Compiler: /usr/local/bin/gcc 
Build flags: 
Id flags: -c 

The output was:
1
gcc: fatal error: cannot execute ‘cc1’: execvp: No such file or directory
compilation terminated.


Compiling the C compiler identification source file "CMakeCCompilerId.c" failed.
Compiler: /usr/local/bin/gcc 
Build flags: 
Id flags: -Aa 

The output was:
1
gcc: fatal error: cannot execute ‘cc1’: execvp: No such file or directory
compilation terminated.


Compiling the C compiler identification source file "CMakeCCompilerId.c" failed.
Compiler: /usr/local/bin/gcc 
Build flags: 
Id flags: -D__CLASSIC_C__ 

The output was:
1
gcc: fatal error: cannot execute ‘cc1’: execvp: No such file or directory
compilation terminated.


Compiling the C compiler identification source file "CMakeCCompilerId.c" failed.
Compiler: /usr/local/bin/gcc 
Build flags: 
Id flags: --target=arm-arm-none-eabi;-mcpu=cortex-m3 

The output was:
1
gcc: warning: ‘-mcpu=’ is deprecated; use ‘-mtune=’ or ‘-march=’ instead
gcc: error: unrecognized command line option ‘--target=arm-arm-none-eabi’


Compiling the C compiler identification source file "CMakeCCompilerId.c" failed.
Compiler: /usr/local/bin/gcc 
Build flags: 
Id flags: -c;-I__does_not_exist__ 

The output was:
1
gcc: fatal error: cannot execute ‘cc1’: execvp: No such file or directory
compilation terminated.


Checking whether the C compiler is IAR using "" did not match "IAR .+ Compiler":
gcc: fatal error: no input files
compilation terminated.
Checking whether the C compiler is IAR using "" did not match "IAR .+ Compiler":
gcc: fatal error: no input files
compilation terminated.
Compiling the CXX compiler identification source file "CMakeCXXCompilerId.cpp" failed.
Compiler: /usr/local/bin/g++ 
Build flags: 
Id flags:  

The output was:
1
g++: fatal error: cannot execute ‘cc1plus’: execvp: No such file or directory
compilation terminated.


Compiling the CXX compiler identification source file "CMakeCXXCompilerId.cpp" failed.
Compiler: /usr/local/bin/g++ 
Build flags: 
Id flags: -c 

The output was:
1
g++: fatal error: cannot execute ‘cc1plus’: execvp: No such file or directory
compilation terminated.


Compiling the CXX compiler identification source file "CMakeCXXCompilerId.cpp" failed.
Compiler: /usr/local/bin/g++ 
Build flags: 
Id flags: --c++ 

The output was:
1
g++: error: unrecognized command line option ‘--c++’


Compiling the CXX compiler identification source file "CMakeCXXCompilerId.cpp" failed.
Compiler: /usr/local/bin/g++ 
Build flags: 
Id flags: --ec++ 

The output was:
1
g++: error: unrecognized command line option ‘--ec++’; did you mean ‘-Weffc++’?


Compiling the CXX compiler identification source file "CMakeCXXCompilerId.cpp" failed.
Compiler: /usr/local/bin/g++ 
Build flags: 
Id flags: --target=arm-arm-none-eabi;-mcpu=cortex-m3 

The output was:
1
g++: warning: ‘-mcpu=’ is deprecated; use ‘-mtune=’ or ‘-march=’ instead
g++: error: unrecognized command line option ‘--target=arm-arm-none-eabi’


Compiling the CXX compiler identification source file "CMakeCXXCompilerId.cpp" failed.
Compiler: /usr/local/bin/g++ 
Build flags: 
Id flags: -c;-I__does_not_exist__ 

The output was:
1
g++: fatal error: cannot execute ‘cc1plus’: execvp: No such file or directory
compilation terminated.


Compiling the CXX compiler identification source file "CMakeCXXCompilerId.cpp" failed.
Compiler: /usr/local/bin/g++ 
Build flags: 
Id flags:  

The output was:
1
g++: fatal error: cannot execute ‘cc1plus’: execvp: No such file or directory
compilation terminated.


Compiling the CXX compiler identification source file "CMakeCXXCompilerId.cpp" failed.
Compiler: /usr/local/bin/g++ 
Build flags: 
Id flags: -c 

The output was:
1
g++: fatal error: cannot execute ‘cc1plus’: execvp: No such file or directory
compilation terminated.


Compiling the CXX compiler identification source file "CMakeCXXCompilerId.cpp" failed.
Compiler: /usr/local/bin/g++ 
Build flags: 
Id flags: --c++ 

The output was:
1
g++: error: unrecognized command line option ‘--c++’


Compiling the CXX compiler identification source file "CMakeCXXCompilerId.cpp" failed.
Compiler: /usr/local/bin/g++ 
Build flags: 
Id flags: --ec++ 

The output was:
1
g++: error: unrecognized command line option ‘--ec++’; did you mean ‘-Weffc++’?


Compiling the CXX compiler identification source file "CMakeCXXCompilerId.cpp" failed.
Compiler: /usr/local/bin/g++ 
Build flags: 
Id flags: --target=arm-arm-none-eabi;-mcpu=cortex-m3 

The output was:
1
g++: warning: ‘-mcpu=’ is deprecated; use ‘-mtune=’ or ‘-march=’ instead
g++: error: unrecognized command line option ‘--target=arm-arm-none-eabi’


Compiling the CXX compiler identification source file "CMakeCXXCompilerId.cpp" failed.
Compiler: /usr/local/bin/g++ 
Build flags: 
Id flags: -c;-I__does_not_exist__ 

The output was:
1
g++: fatal error: cannot execute ‘cc1plus’: execvp: No such file or directory
compilation terminated.


Checking whether the CXX compiler is IAR using "" did not match "IAR .+ Compiler":
g++: fatal error: no input files
compilation terminated.
Checking whether the CXX compiler is IAR using "" did not match "IAR .+ Compiler":
g++: fatal error: no input files
compilation terminated.
Detecting C compiler ABI info failed to compile with the following output:
Change Dir: /home/yyk/KVstorageBaseRaft-cpp/build/CMakeFiles/CMakeTmp

Run Build Command(s):/usr/bin/make -f Makefile cmTC_4ce9b/fast && /usr/bin/make  -f CMakeFiles/cmTC_4ce9b.dir/build.make CMakeFiles/cmTC_4ce9b.dir/build
make[1]: Entering directory '/home/yyk/KVstorageBaseRaft-cpp/build/CMakeFiles/CMakeTmp'
Building C object CMakeFiles/cmTC_4ce9b.dir/CMakeCCompilerABI.c.o
/usr/local/bin/gcc    -o CMakeFiles/cmTC_4ce9b.dir/CMakeCCompilerABI.c.o -c /usr/local/share/cmake-3.22/Modules/CMakeCCompilerABI.c
gcc: fatal error: cannot execute 'cc1': execvp: No such file or directory
compilation terminated.
make[1]: *** [CMakeFiles/cmTC_4ce9b.dir/build.make:78: CMakeFiles/cmTC_4ce9b.dir/CMakeCCompilerABI.c.o] Error 1
make[1]: Leaving directory '/home/yyk/KVstorageBaseRaft-cpp/build/CMakeFiles/CMakeTmp'
make: *** [Makefile:127: cmTC_4ce9b/fast] Error 2




Determining if the C compiler works failed with the following output:
Change Dir: /home/yyk/KVstorageBaseRaft-cpp/build/CMakeFiles/CMakeTmp

Run Build Command(s):/usr/bin/make -f Makefile cmTC_4faa7/fast && /usr/bin/make  -f CMakeFiles/cmTC_4faa7.dir/build.make CMakeFiles/cmTC_4faa7.dir/build
make[1]: Entering directory '/home/yyk/KVstorageBaseRaft-cpp/build/CMakeFiles/CMakeTmp'
Building C object CMakeFiles/cmTC_4faa7.dir/testCCompiler.c.o
/usr/local/bin/gcc    -o CMakeFiles/cmTC_4faa7.dir/testCCompiler.c.o -c /home/yyk/KVstorageBaseRaft-cpp/build/CMakeFiles/CMakeTmp/testCCompiler.c
gcc: fatal error: cannot execute ‘cc1’: execvp: No such file or directory
compilation terminated.
make[1]: *** [CMakeFiles/cmTC_4faa7.dir/build.make:78: CMakeFiles/cmTC_4faa7.dir/testCCompiler.c.o] Error 1
make[1]: Leaving directory '/home/yyk/KVstorageBaseRaft-cpp/build/CMakeFiles/CMakeTmp'
make: *** [Makefile:127: cmTC_4faa7/fast] Error 2



